#iBrowser Log Starting -Sat Nov 21 2020 14:26:18
Sat Nov 21 2020 14:26:21; app; launched
Sat Nov 21 2020 14:33:50; loadimages; called
Sat Nov 21 2020 14:33:50; loadImage; enter
Sat Nov 21 2020 14:33:50; serverstream; launch
Sat Nov 21 2020 14:33:51; load images; data back
Sat Nov 21 2020 14:33:51; loadimages; returned
Sat Nov 21 2020 14:34:50; serverstream; client dropped connection
Sat Nov 21 2020 14:34:50; serverstream; launch
Sat Nov 21 2020 14:34:50; loadimages; called
Sat Nov 21 2020 14:34:50; loadImage; enter
Sat Nov 21 2020 14:34:50; load images; data back
Sat Nov 21 2020 14:34:50; loadimages; returned
Sat Nov 21 2020 14:36:50; serverstream; client dropped connection
Sat Nov 21 2020 14:36:50; serverstream; launch
Sat Nov 21 2020 14:37:17; serverstream; client dropped connection
Sat Nov 21 2020 14:37:17; serverstream; launch
Sat Nov 21 2020 14:37:17; loadimages; called
Sat Nov 21 2020 14:37:17; loadImage; enter
Sat Nov 21 2020 14:37:18; load images; data back
Sat Nov 21 2020 14:37:18; loadimages; returned
Sat Nov 21 2020 14:39:17; serverstream; client dropped connection
Sat Nov 21 2020 14:39:17; serverstream; launch
Sat Nov 21 2020 14:39:18; serverstream; client dropped connection
Sat Nov 21 2020 14:39:18; serverstream; launch
Sat Nov 21 2020 14:39:18; loadimages; called
Sat Nov 21 2020 14:39:18; loadImage; enter
Sat Nov 21 2020 14:39:19; load images; data back
Sat Nov 21 2020 14:39:19; loadimages; returned
Sat Nov 21 2020 14:40:21; serverstream; client dropped connection
Sat Nov 21 2020 14:40:21; serverstream; launch
Sat Nov 21 2020 14:40:21; loadimages; called
Sat Nov 21 2020 14:40:21; loadImage; enter
Sat Nov 21 2020 14:40:22; load images; data back
Sat Nov 21 2020 14:40:22; loadimages; returned
Sat Nov 21 2020 14:42:21; serverstream; client dropped connection
Sat Nov 21 2020 14:42:21; serverstream; launch
Sat Nov 21 2020 14:43:10; serverstream; client dropped connection
Sat Nov 21 2020 14:43:10; serverstream; launch
Sat Nov 21 2020 14:43:10; loadimages; called
Sat Nov 21 2020 14:43:10; loadImage; enter
Sat Nov 21 2020 14:43:10; load images; data back
Sat Nov 21 2020 14:43:10; loadimages; returned
Sat Nov 21 2020 14:43:26; serverstream; client dropped connection
Sat Nov 21 2020 14:43:26; serverstream; launch
Sat Nov 21 2020 14:43:26; loadimages; called
Sat Nov 21 2020 14:43:26; loadImage; enter
Sat Nov 21 2020 14:43:26; load images; data back
Sat Nov 21 2020 14:43:26; loadimages; returned
Sat Nov 21 2020 14:43:42; serverstream; client dropped connection
Sat Nov 21 2020 14:43:43; serverstream; launch
Sat Nov 21 2020 14:43:43; loadimages; called
Sat Nov 21 2020 14:43:43; loadImage; enter
Sat Nov 21 2020 14:43:43; load images; data back
Sat Nov 21 2020 14:43:43; loadimages; returned
Sat Nov 21 2020 14:44:05; serverstream; client dropped connection
Sat Nov 21 2020 14:44:05; serverstream; launch
Sat Nov 21 2020 14:44:05; loadimages; called
Sat Nov 21 2020 14:44:05; loadImage; enter
Sat Nov 21 2020 14:44:06; load images; data back
Sat Nov 21 2020 14:44:06; loadimages; returned
Sat Nov 21 2020 14:44:18; serverstream; client dropped connection
Sat Nov 21 2020 14:44:18; serverstream; launch
Sat Nov 21 2020 14:44:18; loadimages; called
Sat Nov 21 2020 14:44:18; loadImage; enter
Sat Nov 21 2020 14:44:18; load images; data back
Sat Nov 21 2020 14:44:18; loadimages; returned
Sat Nov 21 2020 14:45:59; serverstream; client dropped connection
Sat Nov 21 2020 14:45:59; serverstream; launch
Sat Nov 21 2020 14:45:59; loadimages; called
Sat Nov 21 2020 14:45:59; loadImage; enter
Sat Nov 21 2020 14:46:00; load images; data back
Sat Nov 21 2020 14:46:00; loadimages; returned
Sat Nov 21 2020 14:47:59; serverstream; client dropped connection
Sat Nov 21 2020 14:47:59; serverstream; launch
Sat Nov 21 2020 14:49:39; serverstream; client dropped connection
Sat Nov 21 2020 14:49:39; serverstream; launch
Sat Nov 21 2020 14:49:39; loadimages; called
Sat Nov 21 2020 14:49:39; loadImage; enter
Sat Nov 21 2020 14:49:40; load images; data back
Sat Nov 21 2020 14:49:40; loadimages; returned
Sat Nov 21 2020 14:51:07; serverstream; client dropped connection
Sat Nov 21 2020 14:51:07; serverstream; launch
Sat Nov 21 2020 14:51:07; loadimages; called
Sat Nov 21 2020 14:51:07; loadImage; enter
Sat Nov 21 2020 14:51:07; load images; data back
Sat Nov 21 2020 14:51:07; loadimages; returned
Sat Nov 21 2020 14:51:22; serverstream; client dropped connection
Sat Nov 21 2020 14:51:22; serverstream; launch
Sat Nov 21 2020 14:51:22; loadimages; called
Sat Nov 21 2020 14:51:22; loadImage; enter
Sat Nov 21 2020 14:51:23; load images; data back
Sat Nov 21 2020 14:51:23; loadimages; returned
Sat Nov 21 2020 14:52:30; serverstream; client dropped connection
Sat Nov 21 2020 14:52:30; serverstream; launch
Sat Nov 21 2020 14:52:30; loadimages; called
Sat Nov 21 2020 14:52:30; loadImage; enter
Sat Nov 21 2020 14:52:31; load images; data back
Sat Nov 21 2020 14:52:31; loadimages; returned
Sat Nov 21 2020 14:54:30; serverstream; client dropped connection
Sat Nov 21 2020 14:54:30; serverstream; launch
Sat Nov 21 2020 14:56:30; serverstream; client dropped connection
Sat Nov 21 2020 14:56:30; serverstream; launch
Sat Nov 21 2020 14:57:04; serverstream; client dropped connection
Sat Nov 21 2020 14:57:04; serverstream; launch
Sat Nov 21 2020 14:57:04; loadimages; called
Sat Nov 21 2020 14:57:04; loadImage; enter
Sat Nov 21 2020 14:57:05; load images; data back
Sat Nov 21 2020 14:57:05; loadimages; returned
Sat Nov 21 2020 14:59:01; serverstream; client dropped connection
Sat Nov 21 2020 14:59:01; serverstream; launch
Sat Nov 21 2020 14:59:01; loadimages; called
Sat Nov 21 2020 14:59:01; loadImage; enter
Sat Nov 21 2020 14:59:02; load images; data back
Sat Nov 21 2020 14:59:02; loadimages; returned
Sat Nov 21 2020 14:59:55; serverstream; client dropped connection
Sat Nov 21 2020 14:59:55; serverstream; launch
Sat Nov 21 2020 14:59:55; loadimages; called
Sat Nov 21 2020 14:59:55; loadImage; enter
Sat Nov 21 2020 14:59:56; load images; data back
Sat Nov 21 2020 14:59:56; loadimages; returned
